0 info it worked if it ends with ok
1 verbose cli [ '/usr/local/bin/node',
1 verbose cli   '/usr/local/bin/npm',
1 verbose cli   'version',
1 verbose cli   '0.0.5' ]
2 info using npm@2.5.1
3 info using node@v0.12.0
4 verbose stack Error: Version not changed
4 verbose stack     at /usr/local/lib/node_modules/npm/lib/version.js:52:49
4 verbose stack     at evalmachine.<anonymous>:336:14
4 verbose stack     at /usr/local/lib/node_modules/npm/node_modules/graceful-fs/graceful-fs.js:102:5
4 verbose stack     at FSReqWrap.oncomplete (evalmachine.<anonymous>:99:15)
5 verbose cwd /home/odoe/Documents/dev/generator-arcgis-js-app
6 error Linux 3.13.0-61-generic
7 error argv "/usr/local/bin/node" "/usr/local/bin/npm" "version" "0.0.5"
8 error node v0.12.0
9 error npm  v2.5.1
10 error Version not changed
11 error If you need help, you may report this error at:
11 error     <http://github.com/npm/npm/issues>
12 verbose exit [ 1, true ]
